# JRE version: Java(TM) SE Runtime Environment (17.0.1+12) (build 17.0.1+12-LTS-39)
# Java VM: Java HotSpot(TM) 64-Bit Server VM (17.0.1+12-LTS-39, mixed mode, emulated-client, tiered, compressed oops, compressed class ptrs, g1 gc, windows-amd64)
GC Precious Log:
 CPUs: 4 total, 4 available
 Memory: 3790M
 Large Page Support: Disabled
 NUMA Support: Disabled
 Compressed Oops: Enabled (32-bit)
 Heap Region Size: 1M
 Heap Min Capacity: 8M
 Heap Initial Capacity: 60M
 Heap Max Capacity: 948M
 Pre-touch: Disabled
 Parallel Workers: 4
 Concurrent Workers: 1
 Concurrent Refinement Workers: 4
 Periodic GC: Disabled
Heap:
 garbage-first heap   total 196608K, used 43530K [0x00000000c4c00000, 0x0000000100000000)
  region size 1024K, 27 young (27648K), 3 survivors (3072K)
 Metaspace       used 51162K, committed 51584K, reserved 1097728K
  class space    used 6757K, committed 6976K, reserved 1048576K
GC Heap History (20 events):
Event: 4.903 GC heap before
{Heap before GC invocations=10 (full 0):
 garbage-first heap   total 40960K, used 29673K [0x00000000c4c00000, 0x0000000100000000)
  region size 1024K, 20 young (20480K), 1 survivors (1024K)
 Metaspace       used 28164K, committed 28544K, reserved 1081344K
  class space    used 3416K, committed 3584K, reserved 1048576K
}
Event: 4.905 GC heap after
{Heap after GC invocations=11 (full 0):
 garbage-first heap   total 40960K, used 12525K [0x00000000c4c00000, 0x0000000100000000)
  region size 1024K, 2 young (2048K), 2 survivors (2048K)
 Metaspace       used 28164K, committed 28544K, reserved 1081344K
  class space    used 3416K, committed 3584K, reserved 1048576K
}
Event: 4.909 GC heap before
{Heap before GC invocations=11 (full 0):
 garbage-first heap   total 40960K, used 29933K [0x00000000c4c00000, 0x0000000100000000)
  region size 1024K, 20 young (20480K), 2 survivors (2048K)
 Metaspace       used 28164K, committed 28544K, reserved 1081344K
  class space    used 3416K, committed 3584K, reserved 1048576K
}
Event: 4.911 GC heap after
{Heap after GC invocations=12 (full 0):
 garbage-first heap   total 40960K, used 12589K [0x00000000c4c00000, 0x0000000100000000)
  region size 1024K, 2 young (2048K), 2 survivors (2048K)
 Metaspace       used 28164K, committed 28544K, reserved 1081344K
  class space    used 3416K, committed 3584K, reserved 1048576K
}
Event: 4.915 GC heap before
{Heap before GC invocations=12 (full 0):
 garbage-first heap   total 40960K, used 31021K [0x00000000c4c00000, 0x0000000100000000)
  region size 1024K, 21 young (21504K), 2 survivors (2048K)
 Metaspace       used 28164K, committed 28544K, reserved 1081344K
  class space    used 3416K, committed 3584K, reserved 1048576K
}
Event: 4.917 GC heap after
{Heap after GC invocations=13 (full 0):
 garbage-first heap   total 117760K, used 12635K [0x00000000c4c00000, 0x0000000100000000)
  region size 1024K, 2 young (2048K), 2 survivors (2048K)
 Metaspace       used 28164K, committed 28544K, reserved 1081344K
  class space    used 3416K, committed 3584K, reserved 1048576K
}
Event: 4.949 GC heap before
{Heap before GC invocations=13 (full 0):
 garbage-first heap   total 117760K, used 80219K [0x00000000c4c00000, 0x0000000100000000)
  region size 1024K, 69 young (70656K), 2 survivors (2048K)
 Metaspace       used 28164K, committed 28544K, reserved 1081344K
  class space    used 3416K, committed 3584K, reserved 1048576K
}
Event: 4.950 GC heap after
{Heap after GC invocations=14 (full 0):
 garbage-first heap   total 117760K, used 12679K [0x00000000c4c00000, 0x0000000100000000)
  region size 1024K, 2 young (2048K), 2 survivors (2048K)
 Metaspace       used 28164K, committed 28544K, reserved 1081344K
  class space    used 3416K, committed 3584K, reserved 1048576K
}
Event: 7.136 GC heap before
{Heap before GC invocations=14 (full 0):
 garbage-first heap   total 117760K, used 80263K [0x00000000c4c00000, 0x0000000100000000)
  region size 1024K, 69 young (70656K), 2 survivors (2048K)
 Metaspace       used 34196K, committed 34560K, reserved 1081344K
  class space    used 4347K, committed 4480K, reserved 1048576K
}
Event: 7.147 GC heap after
{Heap after GC invocations=15 (full 0):
 garbage-first heap   total 117760K, used 16713K [0x00000000c4c00000, 0x0000000100000000)
  region size 1024K, 6 young (6144K), 6 survivors (6144K)
 Metaspace       used 34196K, committed 34560K, reserved 1081344K
  class space    used 4347K, committed 4480K, reserved 1048576K
}
Event: 7.349 GC heap before
{Heap before GC invocations=15 (full 0):
 garbage-first heap   total 117760K, used 24905K [0x00000000c4c00000, 0x0000000100000000)
  region size 1024K, 15 young (15360K), 6 survivors (6144K)
 Metaspace       used 35569K, committed 35968K, reserved 1081344K
  class space    used 4530K, committed 4736K, reserved 1048576K
}
Event: 7.354 GC heap after
{Heap after GC invocations=16 (full 0):
 garbage-first heap   total 117760K, used 17936K [0x00000000c4c00000, 0x0000000100000000)
  region size 1024K, 6 young (6144K), 6 survivors (6144K)
 Metaspace       used 35569K, committed 35968K, reserved 1081344K
  class space    used 4530K, committed 4736K, reserved 1048576K
}
Event: 7.396 GC heap before
{Heap before GC invocations=17 (full 0):
 garbage-first heap   total 65536K, used 52752K [0x00000000c4c00000, 0x0000000100000000)
  region size 1024K, 42 young (43008K), 6 survivors (6144K)
 Metaspace       used 35839K, committed 36224K, reserved 1081344K
  class space    used 4563K, committed 4736K, reserved 1048576K
}
Event: 7.400 GC heap after
{Heap after GC invocations=18 (full 0):
 garbage-first heap   total 65536K, used 18057K [0x00000000c4c00000, 0x0000000100000000)
  region size 1024K, 2 young (2048K), 2 survivors (2048K)
 Metaspace       used 35839K, committed 36224K, reserved 1081344K
  class space    used 4563K, committed 4736K, reserved 1048576K
}
Event: 7.401 GC heap before
{Heap before GC invocations=18 (full 0):
 garbage-first heap   total 65536K, used 19081K [0x00000000c4c00000, 0x0000000100000000)
  region size 1024K, 4 young (4096K), 2 survivors (2048K)
 Metaspace       used 35839K, committed 36224K, reserved 1081344K
  class space    used 4563K, committed 4736K, reserved 1048576K
}
Event: 7.404 GC heap after
{Heap after GC invocations=19 (full 0):
 garbage-first heap   total 65536K, used 17776K [0x00000000c4c00000, 0x0000000100000000)
  region size 1024K, 1 young (1024K), 1 survivors (1024K)
 Metaspace       used 35839K, committed 36224K, reserved 1081344K
  class space    used 4563K, committed 4736K, reserved 1048576K
}
Event: 7.409 GC heap before
{Heap before GC invocations=19 (full 0):
 garbage-first heap   total 65536K, used 51568K [0x00000000c4c00000, 0x0000000100000000)
  region size 1024K, 35 young (35840K), 1 survivors (1024K)
 Metaspace       used 35839K, committed 36224K, reserved 1081344K
  class space    used 4563K, committed 4736K, reserved 1048576K
}
Event: 7.411 GC heap after
{Heap after GC invocations=20 (full 0):
 garbage-first heap   total 196608K, used 17648K [0x00000000c4c00000, 0x0000000100000000)
  region size 1024K, 1 young (1024K), 1 survivors (1024K)
 Metaspace       used 35839K, committed 36224K, reserved 1081344K
  class space    used 4563K, committed 4736K, reserved 1048576K
}
Event: 8.695 GC heap before
{Heap before GC invocations=20 (full 0):
 garbage-first heap   total 196608K, used 133360K [0x00000000c4c00000, 0x0000000100000000)
  region size 1024K, 115 young (117760K), 1 survivors (1024K)
 Metaspace       used 46286K, committed 46784K, reserved 1097728K
  class space    used 6116K, committed 6336K, reserved 1048576K
}
Event: 8.698 GC heap after
{Heap after GC invocations=21 (full 0):
 garbage-first heap   total 196608K, used 19978K [0x00000000c4c00000, 0x0000000100000000)
  region size 1024K, 3 young (3072K), 3 survivors (3072K)
 Metaspace       used 46286K, committed 46784K, reserved 1097728K
  class space    used 6116K, committed 6336K, reserved 1048576K
}

